[Stage1] Configuring generic runtime build...
-- Found ARM toolchain in ExecuTorch path: /workspace/executorch/examples/arm/ethos-u-scratch/arm-gnu-toolchain-13.3.rel1-arm-none-eabi/bin
-- Found ARM toolchain in ExecuTorch path: /workspace/executorch/examples/arm/ethos-u-scratch/arm-gnu-toolchain-13.3.rel1-arm-none-eabi/bin
-- The C compiler identification is GNU 13.3.1
-- The CXX compiler identification is GNU 13.3.1
-- Detecting C compiler ABI info
-- Detecting C compiler ABI info - failed
-- Check for working C compiler: /workspace/executorch/examples/arm/ethos-u-scratch/arm-gnu-toolchain-13.3.rel1-arm-none-eabi/bin/arm-none-eabi-gcc
-- Check for working C compiler: /workspace/executorch/examples/arm/ethos-u-scratch/arm-gnu-toolchain-13.3.rel1-arm-none-eabi/bin/arm-none-eabi-gcc - broken
CMake Error at /usr/share/cmake-4.2/Modules/CMakeTestCCompiler.cmake:67 (message):
  The C compiler

    "/workspace/executorch/examples/arm/ethos-u-scratch/arm-gnu-toolchain-13.3.rel1-arm-none-eabi/bin/arm-none-eabi-gcc"

  is not able to compile a simple test program.

  It fails with the following output:

    Change Dir: '/__w/ZephyrAI/ZephyrAI/out/stage1/CMakeFiles/CMakeScratch/TryCompile-lYwvMl'
    
    Run Build Command(s): /usr/bin/cmake -E env VERBOSE=1 /usr/bin/gmake -f Makefile cmTC_02c13/fast
    /usr/bin/gmake  -f CMakeFiles/cmTC_02c13.dir/build.make CMakeFiles/cmTC_02c13.dir/build
    gmake[1]: Entering directory '/__w/ZephyrAI/ZephyrAI/out/stage1/CMakeFiles/CMakeScratch/TryCompile-lYwvMl'
    Building C object CMakeFiles/cmTC_02c13.dir/testCCompiler.c.obj
    /workspace/executorch/examples/arm/ethos-u-scratch/arm-gnu-toolchain-13.3.rel1-arm-none-eabi/bin/arm-none-eabi-gcc -DNDEBUG  -std=gnu11 -mcpu=cortex-m55 -mthumb -fdata-sections -ffunction-sections -fno-pic -fno-pie -imacros /__w/ZephyrAI/ZephyrAI/executorch/model/../src/zephyr_stdint_compat.h -mfloat-abi=hard -Wno-error=deprecated-declarations -Wno-error=shift-count-overflow -Wno-psabi -o CMakeFiles/cmTC_02c13.dir/testCCompiler.c.obj -c /__w/ZephyrAI/ZephyrAI/out/stage1/CMakeFiles/CMakeScratch/TryCompile-lYwvMl/testCCompiler.c
    <command-line>: fatal error: /__w/ZephyrAI/ZephyrAI/executorch/model/../src/zephyr_stdint_compat.h: No such file or directory
    compilation terminated.
    gmake[1]: *** [CMakeFiles/cmTC_02c13.dir/build.make:81: CMakeFiles/cmTC_02c13.dir/testCCompiler.c.obj] Error 1
    gmake[1]: Leaving directory '/__w/ZephyrAI/ZephyrAI/out/stage1/CMakeFiles/CMakeScratch/TryCompile-lYwvMl'
    gmake: *** [Makefile:134: cmTC_02c13/fast] Error 2
    
    



  CMake will not be able to correctly generate this project.
Call Stack (most recent call first):
  CMakeLists.txt:51 (project)


-- Configuring incomplete, errors occurred!
